<?xml version="1.0" encoding="UTF-8"?>
<testsuite xmlns:xsi="http://www.w3.org/2001/XMLSchema-instance" xsi:noNamespaceSchemaLocation="https://maven.apache.org/surefire/maven-surefire-plugin/xsd/surefire-test-report.xsd" name="com.g7s.ics.testcase.ListManagement.VechicleListTest" time="13.231" tests="9" errors="0" skipped="0" failures="0">
  <properties>
    <property name="gopherProxySet" value="false"/>
    <property name="awt.toolkit" value="sun.lwawt.macosx.LWCToolkit"/>
    <property name="file.encoding.pkg" value="sun.io"/>
    <property name="java.specification.version" value="1.8"/>
    <property name="sun.cpu.isalist" value=""/>
    <property name="sun.jnu.encoding" value="UTF-8"/>
    <property name="java.class.path" value="/Users/zhangwenping/Documents/make_data/ICS_API_Test/target/test-classes:/Users/zhangwenping/Documents/make_data/ICS_API_Test/target/classes:/Users/zhangwenping/.m2/repository/com/chinawayltd/paas/vega-sdk-httpclient/1.0.0-SNAPSHOT/vega-sdk-httpclient-1.0.0-SNAPSHOT.jar:/Users/zhangwenping/.m2/repository/org/apache/httpcomponents/httpclient/4.5.5/httpclient-4.5.5.jar:/Users/zhangwenping/.m2/repository/org/apache/httpcomponents/httpcore/4.4.9/httpcore-4.4.9.jar:/Users/zhangwenping/.m2/repository/commons-logging/commons-logging/1.2/commons-logging-1.2.jar:/Users/zhangwenping/.m2/repository/com/chinawayltd/paas/vega-sdk-core/1.0.0-SNAPSHOT/vega-sdk-core-1.0.0-SNAPSHOT.jar:/Users/zhangwenping/.m2/repository/org/junit/jupiter/junit-jupiter/5.6.0/junit-jupiter-5.6.0.jar:/Users/zhangwenping/.m2/repository/org/junit/jupiter/junit-jupiter-api/5.6.0/junit-jupiter-api-5.6.0.jar:/Users/zhangwenping/.m2/repository/org/opentest4j/opentest4j/1.2.0/opentest4j-1.2.0.jar:/Users/zhangwenping/.m2/repository/org/junit/platform/junit-platform-commons/1.6.0/junit-platform-commons-1.6.0.jar:/Users/zhangwenping/.m2/repository/org/junit/jupiter/junit-jupiter-engine/5.6.0/junit-jupiter-engine-5.6.0.jar:/Users/zhangwenping/.m2/repository/org/junit/platform/junit-platform-engine/1.6.0/junit-platform-engine-1.6.0.jar:/Users/zhangwenping/.m2/repository/io/rest-assured/rest-assured/4.2.0/rest-assured-4.2.0.jar:/Users/zhangwenping/.m2/repository/org/codehaus/groovy/groovy/2.5.8/groovy-2.5.8.jar:/Users/zhangwenping/.m2/repository/org/codehaus/groovy/groovy-xml/2.5.8/groovy-xml-2.5.8.jar:/Users/zhangwenping/.m2/repository/org/apache/httpcomponents/httpmime/4.5.3/httpmime-4.5.3.jar:/Users/zhangwenping/.m2/repository/org/hamcrest/hamcrest/2.1/hamcrest-2.1.jar:/Users/zhangwenping/.m2/repository/org/ccil/cowan/tagsoup/tagsoup/1.2.1/tagsoup-1.2.1.jar:/Users/zhangwenping/.m2/repository/io/rest-assured/json-path/4.2.0/json-path-4.2.0.jar:/Users/zhangwenping/.m2/repository/org/codehaus/groovy/groovy-json/2.5.8/groovy-json-2.5.8.jar:/Users/zhangwenping/.m2/repository/io/rest-assured/rest-assured-common/4.2.0/rest-assured-common-4.2.0.jar:/Users/zhangwenping/.m2/repository/io/rest-assured/xml-path/4.2.0/xml-path-4.2.0.jar:/Users/zhangwenping/.m2/repository/org/apache/commons/commons-lang3/3.4/commons-lang3-3.4.jar:/Users/zhangwenping/.m2/repository/jakarta/xml/bind/jakarta.xml.bind-api/2.3.2/jakarta.xml.bind-api-2.3.2.jar:/Users/zhangwenping/.m2/repository/jakarta/activation/jakarta.activation-api/1.2.1/jakarta.activation-api-1.2.1.jar:/Users/zhangwenping/.m2/repository/com/sun/xml/bind/jaxb-osgi/2.3.0.1/jaxb-osgi-2.3.0.1.jar:/Users/zhangwenping/.m2/repository/org/apache/sling/org.apache.sling.javax.activation/0.1.0/org.apache.sling.javax.activation-0.1.0.jar:/Users/zhangwenping/.m2/repository/javax/activation/activation/1.1.1/activation-1.1.1.jar:/Users/zhangwenping/.m2/repository/com/fasterxml/jackson/core/jackson-databind/2.9.9.3/jackson-databind-2.9.9.3.jar:/Users/zhangwenping/.m2/repository/com/fasterxml/jackson/core/jackson-annotations/2.9.0/jackson-annotations-2.9.0.jar:/Users/zhangwenping/.m2/repository/com/fasterxml/jackson/core/jackson-core/2.9.9/jackson-core-2.9.9.jar:/Users/zhangwenping/.m2/repository/com/github/spullara/mustache/java/compiler/0.9.6/compiler-0.9.6.jar:/Users/zhangwenping/.m2/repository/org/junit/jupiter/junit-jupiter-params/5.6.0/junit-jupiter-params-5.6.0.jar:/Users/zhangwenping/.m2/repository/org/apiguardian/apiguardian-api/1.1.0/apiguardian-api-1.1.0.jar:/Users/zhangwenping/.m2/repository/io/qameta/allure/allure-junit5/2.13.2/allure-junit5-2.13.2.jar:/Users/zhangwenping/.m2/repository/io/qameta/allure/allure-junit-platform/2.13.2/allure-junit-platform-2.13.2.jar:/Users/zhangwenping/.m2/repository/io/qameta/allure/allure-java-commons/2.13.2/allure-java-commons-2.13.2.jar:/Users/zhangwenping/.m2/repository/io/qameta/allure/allure-model/2.13.2/allure-model-2.13.2.jar:/Users/zhangwenping/.m2/repository/org/apache/tika/tika-core/1.20/tika-core-1.20.jar:/Users/zhangwenping/.m2/repository/org/jooq/joor-java-8/0.9.10/joor-java-8-0.9.10.jar:/Users/zhangwenping/.m2/repository/org/junit/platform/junit-platform-launcher/1.5.2/junit-platform-launcher-1.5.2.jar:/Users/zhangwenping/.m2/repository/com/alibaba/fastjson/1.2.70/fastjson-1.2.70.jar:/Users/zhangwenping/.m2/repository/org/slf4j/slf4j-log4j12/1.7.25/slf4j-log4j12-1.7.25.jar:/Users/zhangwenping/.m2/repository/org/slf4j/slf4j-api/1.7.25/slf4j-api-1.7.25.jar:/Users/zhangwenping/.m2/repository/log4j/log4j/1.2.17/log4j-1.2.17.jar:"/>
    <property name="java.vm.vendor" value="Oracle Corporation"/>
    <property name="sun.arch.data.model" value="64"/>
    <property name="java.vendor.url" value="http://java.oracle.com/"/>
    <property name="user.timezone" value="Asia/Shanghai"/>
    <property name="java.vm.specification.version" value="1.8"/>
    <property name="os.name" value="Mac OS X"/>
    <property name="user.country" value="CN"/>
    <property name="sun.java.launcher" value="SUN_STANDARD"/>
    <property name="sun.boot.library.path" value="/Library/Java/JavaVirtualMachines/jdk1.8.0_181.jdk/Contents/Home/jre/lib"/>
    <property name="sun.java.command" value="/Users/zhangwenping/Documents/make_data/ICS_API_Test/target/surefire/surefirebooter5675552819760954852.jar /Users/zhangwenping/Documents/make_data/ICS_API_Test/target/surefire 2020-08-04T18-00-48_133-jvmRun1 surefire8395156327619100554tmp surefire_06617442440423161494tmp"/>
    <property name="surefire.test.class.path" value="/Users/zhangwenping/Documents/make_data/ICS_API_Test/target/test-classes:/Users/zhangwenping/Documents/make_data/ICS_API_Test/target/classes:/Users/zhangwenping/.m2/repository/com/chinawayltd/paas/vega-sdk-httpclient/1.0.0-SNAPSHOT/vega-sdk-httpclient-1.0.0-SNAPSHOT.jar:/Users/zhangwenping/.m2/repository/org/apache/httpcomponents/httpclient/4.5.5/httpclient-4.5.5.jar:/Users/zhangwenping/.m2/repository/org/apache/httpcomponents/httpcore/4.4.9/httpcore-4.4.9.jar:/Users/zhangwenping/.m2/repository/commons-logging/commons-logging/1.2/commons-logging-1.2.jar:/Users/zhangwenping/.m2/repository/com/chinawayltd/paas/vega-sdk-core/1.0.0-SNAPSHOT/vega-sdk-core-1.0.0-SNAPSHOT.jar:/Users/zhangwenping/.m2/repository/org/junit/jupiter/junit-jupiter/5.6.0/junit-jupiter-5.6.0.jar:/Users/zhangwenping/.m2/repository/org/junit/jupiter/junit-jupiter-api/5.6.0/junit-jupiter-api-5.6.0.jar:/Users/zhangwenping/.m2/repository/org/opentest4j/opentest4j/1.2.0/opentest4j-1.2.0.jar:/Users/zhangwenping/.m2/repository/org/junit/platform/junit-platform-commons/1.6.0/junit-platform-commons-1.6.0.jar:/Users/zhangwenping/.m2/repository/org/junit/jupiter/junit-jupiter-engine/5.6.0/junit-jupiter-engine-5.6.0.jar:/Users/zhangwenping/.m2/repository/org/junit/platform/junit-platform-engine/1.6.0/junit-platform-engine-1.6.0.jar:/Users/zhangwenping/.m2/repository/io/rest-assured/rest-assured/4.2.0/rest-assured-4.2.0.jar:/Users/zhangwenping/.m2/repository/org/codehaus/groovy/groovy/2.5.8/groovy-2.5.8.jar:/Users/zhangwenping/.m2/repository/org/codehaus/groovy/groovy-xml/2.5.8/groovy-xml-2.5.8.jar:/Users/zhangwenping/.m2/repository/org/apache/httpcomponents/httpmime/4.5.3/httpmime-4.5.3.jar:/Users/zhangwenping/.m2/repository/org/hamcrest/hamcrest/2.1/hamcrest-2.1.jar:/Users/zhangwenping/.m2/repository/org/ccil/cowan/tagsoup/tagsoup/1.2.1/tagsoup-1.2.1.jar:/Users/zhangwenping/.m2/repository/io/rest-assured/json-path/4.2.0/json-path-4.2.0.jar:/Users/zhangwenping/.m2/repository/org/codehaus/groovy/groovy-json/2.5.8/groovy-json-2.5.8.jar:/Users/zhangwenping/.m2/repository/io/rest-assured/rest-assured-common/4.2.0/rest-assured-common-4.2.0.jar:/Users/zhangwenping/.m2/repository/io/rest-assured/xml-path/4.2.0/xml-path-4.2.0.jar:/Users/zhangwenping/.m2/repository/org/apache/commons/commons-lang3/3.4/commons-lang3-3.4.jar:/Users/zhangwenping/.m2/repository/jakarta/xml/bind/jakarta.xml.bind-api/2.3.2/jakarta.xml.bind-api-2.3.2.jar:/Users/zhangwenping/.m2/repository/jakarta/activation/jakarta.activation-api/1.2.1/jakarta.activation-api-1.2.1.jar:/Users/zhangwenping/.m2/repository/com/sun/xml/bind/jaxb-osgi/2.3.0.1/jaxb-osgi-2.3.0.1.jar:/Users/zhangwenping/.m2/repository/org/apache/sling/org.apache.sling.javax.activation/0.1.0/org.apache.sling.javax.activation-0.1.0.jar:/Users/zhangwenping/.m2/repository/javax/activation/activation/1.1.1/activation-1.1.1.jar:/Users/zhangwenping/.m2/repository/com/fasterxml/jackson/core/jackson-databind/2.9.9.3/jackson-databind-2.9.9.3.jar:/Users/zhangwenping/.m2/repository/com/fasterxml/jackson/core/jackson-annotations/2.9.0/jackson-annotations-2.9.0.jar:/Users/zhangwenping/.m2/repository/com/fasterxml/jackson/core/jackson-core/2.9.9/jackson-core-2.9.9.jar:/Users/zhangwenping/.m2/repository/com/github/spullara/mustache/java/compiler/0.9.6/compiler-0.9.6.jar:/Users/zhangwenping/.m2/repository/org/junit/jupiter/junit-jupiter-params/5.6.0/junit-jupiter-params-5.6.0.jar:/Users/zhangwenping/.m2/repository/org/apiguardian/apiguardian-api/1.1.0/apiguardian-api-1.1.0.jar:/Users/zhangwenping/.m2/repository/io/qameta/allure/allure-junit5/2.13.2/allure-junit5-2.13.2.jar:/Users/zhangwenping/.m2/repository/io/qameta/allure/allure-junit-platform/2.13.2/allure-junit-platform-2.13.2.jar:/Users/zhangwenping/.m2/repository/io/qameta/allure/allure-java-commons/2.13.2/allure-java-commons-2.13.2.jar:/Users/zhangwenping/.m2/repository/io/qameta/allure/allure-model/2.13.2/allure-model-2.13.2.jar:/Users/zhangwenping/.m2/repository/org/apache/tika/tika-core/1.20/tika-core-1.20.jar:/Users/zhangwenping/.m2/repository/org/jooq/joor-java-8/0.9.10/joor-java-8-0.9.10.jar:/Users/zhangwenping/.m2/repository/org/junit/platform/junit-platform-launcher/1.5.2/junit-platform-launcher-1.5.2.jar:/Users/zhangwenping/.m2/repository/com/alibaba/fastjson/1.2.70/fastjson-1.2.70.jar:/Users/zhangwenping/.m2/repository/org/slf4j/slf4j-log4j12/1.7.25/slf4j-log4j12-1.7.25.jar:/Users/zhangwenping/.m2/repository/org/slf4j/slf4j-api/1.7.25/slf4j-api-1.7.25.jar:/Users/zhangwenping/.m2/repository/log4j/log4j/1.2.17/log4j-1.2.17.jar:"/>
    <property name="sun.cpu.endian" value="little"/>
    <property name="user.home" value="/Users/zhangwenping"/>
    <property name="user.language" value="zh"/>
    <property name="java.specification.vendor" value="Oracle Corporation"/>
    <property name="java.home" value="/Library/Java/JavaVirtualMachines/jdk1.8.0_181.jdk/Contents/Home/jre"/>
    <property name="basedir" value="/Users/zhangwenping/Documents/make_data/ICS_API_Test"/>
    <property name="file.separator" value="/"/>
    <property name="line.separator" value="&#10;"/>
    <property name="java.vm.specification.vendor" value="Oracle Corporation"/>
    <property name="java.specification.name" value="Java Platform API Specification"/>
    <property name="java.awt.graphicsenv" value="sun.awt.CGraphicsEnvironment"/>
    <property name="surefire.real.class.path" value="/Users/zhangwenping/Documents/make_data/ICS_API_Test/target/surefire/surefirebooter5675552819760954852.jar"/>
    <property name="sun.boot.class.path" value="/Library/Java/JavaVirtualMachines/jdk1.8.0_181.jdk/Contents/Home/jre/lib/resources.jar:/Library/Java/JavaVirtualMachines/jdk1.8.0_181.jdk/Contents/Home/jre/lib/rt.jar:/Library/Java/JavaVirtualMachines/jdk1.8.0_181.jdk/Contents/Home/jre/lib/sunrsasign.jar:/Library/Java/JavaVirtualMachines/jdk1.8.0_181.jdk/Contents/Home/jre/lib/jsse.jar:/Library/Java/JavaVirtualMachines/jdk1.8.0_181.jdk/Contents/Home/jre/lib/jce.jar:/Library/Java/JavaVirtualMachines/jdk1.8.0_181.jdk/Contents/Home/jre/lib/charsets.jar:/Library/Java/JavaVirtualMachines/jdk1.8.0_181.jdk/Contents/Home/jre/lib/jfr.jar:/Library/Java/JavaVirtualMachines/jdk1.8.0_181.jdk/Contents/Home/jre/classes"/>
    <property name="sun.management.compiler" value="HotSpot 64-Bit Tiered Compilers"/>
    <property name="java.runtime.version" value="1.8.0_181-b13"/>
    <property name="user.name" value="zhangwenping"/>
    <property name="path.separator" value=":"/>
    <property name="os.version" value="10.14"/>
    <property name="java.endorsed.dirs" value="/Library/Java/JavaVirtualMachines/jdk1.8.0_181.jdk/Contents/Home/jre/lib/endorsed"/>
    <property name="java.runtime.name" value="Java(TM) SE Runtime Environment"/>
    <property name="file.encoding" value="UTF-8"/>
    <property name="java.vm.name" value="Java HotSpot(TM) 64-Bit Server VM"/>
    <property name="localRepository" value="/Users/zhangwenping/.m2/repository"/>
    <property name="java.vendor.url.bug" value="http://bugreport.sun.com/bugreport/"/>
    <property name="java.io.tmpdir" value="/var/folders/_k/tx849bgx3ylg93qj_pn1s7vr0000gn/T/"/>
    <property name="java.version" value="1.8.0_181"/>
    <property name="user.dir" value="/Users/zhangwenping/Documents/make_data/ICS_API_Test"/>
    <property name="os.arch" value="x86_64"/>
    <property name="java.vm.specification.name" value="Java Virtual Machine Specification"/>
    <property name="java.awt.printerjob" value="sun.lwawt.macosx.CPrinterJob"/>
    <property name="sun.os.patch.level" value="unknown"/>
    <property name="java.library.path" value="/Users/zhangwenping/Library/Java/Extensions:/Library/Java/Extensions:/Network/Library/Java/Extensions:/System/Library/Java/Extensions:/usr/lib/java:."/>
    <property name="java.vm.info" value="mixed mode"/>
    <property name="java.vendor" value="Oracle Corporation"/>
    <property name="java.vm.version" value="25.181-b13"/>
    <property name="java.ext.dirs" value="/Users/zhangwenping/Library/Java/Extensions:/Library/Java/JavaVirtualMachines/jdk1.8.0_181.jdk/Contents/Home/jre/lib/ext:/Library/Java/Extensions:/Network/Library/Java/Extensions:/System/Library/Java/Extensions:/usr/lib/java"/>
    <property name="sun.io.unicode.encoding" value="UnicodeBig"/>
    <property name="java.class.version" value="52.0"/>
  </properties>
  <testcase name="pagingAllVehicle" classname="com.g7s.ics.testcase.ListManagement.VechicleListTest" time="3.713"/>
  <testcase name="updateVehicleList" classname="com.g7s.ics.testcase.ListManagement.VechicleListTest" time="1.512"/>
  <testcase name="createVehicleList{int, String}[1]" classname="com.g7s.ics.testcase.ListManagement.VechicleListTest" time="0.852"/>
  <testcase name="createVehicleList{int, String}[2]" classname="com.g7s.ics.testcase.ListManagement.VechicleListTest" time="0.787"/>
  <testcase name="createVehicleList{int, String}[3]" classname="com.g7s.ics.testcase.ListManagement.VechicleListTest" time="0.731"/>
  <testcase name="pagingVehicle{int, String}[1]" classname="com.g7s.ics.testcase.ListManagement.VechicleListTest" time="0.985"/>
  <testcase name="pagingVehicle{int, String}[2]" classname="com.g7s.ics.testcase.ListManagement.VechicleListTest" time="0.894"/>
  <testcase name="pagingVehicle{int, String}[3]" classname="com.g7s.ics.testcase.ListManagement.VechicleListTest" time="0.821"/>
  <testcase name="detailVehicle" classname="com.g7s.ics.testcase.ListManagement.VechicleListTest" time="2.783"/>
</testsuite>